2026-05-26 01:11:22,658 [INFO] ==================================================
2026-05-26 01:11:22,658 [INFO] 🎮 GameHub Client بدأ — الجهاز: PC-01
2026-05-26 01:11:22,659 [INFO] 🌐 السيرفر: http://127.0.0.1:8000
2026-05-26 01:11:22,659 [INFO] ==================================================
2026-05-26 01:11:22,659 [INFO] 🔑 محاولة تسجيل الدخول (1)...
2026-05-26 01:11:23,813 [INFO] ✅ تسجيل الدخول نجح — المستخدم: siraj
2026-05-26 01:11:23,830 [INFO] ✅ تم فتح الجلسة — ID: 1 | الجهاز: PC-01
2026-05-26 01:11:23,831 [INFO] 🎮 الجلسة نشطة — الجهاز: PC-01 | ID: 1
2026-05-26 01:11:23,831 [INFO] 💓 جاري المراقبة... (Ctrl+C للإيقاف)
2026-05-26 01:12:25,205 [INFO] 🛑 تم الإيقاف بواسطة المستخدم (Ctrl+C)
2026-05-26 01:12:25,207 [INFO] 🔴 الجهاز يُغلق — جاري إنهاء الجلسة 1...
2026-05-26 01:12:25,241 [INFO] ✅ تم إغلاق الجلسة — ID: 1
2026-05-26 01:12:28,051 [INFO] ==================================================
2026-05-26 01:12:28,052 [INFO] 🎮 GameHub Client بدأ — الجهاز: PC-01
2026-05-26 01:12:28,052 [INFO] 🌐 السيرفر: http://127.0.0.1:8000
2026-05-26 01:12:28,052 [INFO] ==================================================
2026-05-26 01:12:28,052 [INFO] 🔑 محاولة تسجيل الدخول (1)...
2026-05-26 01:12:29,187 [INFO] ✅ تسجيل الدخول نجح — المستخدم: siraj
2026-05-26 01:12:29,205 [INFO] ✅ تم فتح الجلسة — ID: 2 | الجهاز: PC-01
2026-05-26 01:12:29,206 [INFO] 🎮 الجلسة نشطة — الجهاز: PC-01 | ID: 2
2026-05-26 01:12:29,206 [INFO] 💓 جاري المراقبة... (Ctrl+C للإيقاف)
2026-05-26 01:22:57,917 [INFO] 🛑 تم الإيقاف بواسطة المستخدم (Ctrl+C)
2026-05-26 01:22:57,919 [INFO] 🔴 الجهاز يُغلق — جاري إنهاء الجلسة 2...
2026-05-26 01:22:57,964 [INFO] ✅ تم إغلاق الجلسة — ID: 2
2026-05-26 02:13:49,510 [INFO] ⏳ انتظار 15 ثانية حتى يشتغل السيرفر...
2026-05-26 02:14:04,511 [INFO] ==================================================
2026-05-26 02:14:04,511 [INFO] 🎮 GameHub Client بدأ — الجهاز: PC-01
2026-05-26 02:14:04,511 [INFO] 🌐 السيرفر: http://127.0.0.1:8000
2026-05-26 02:14:04,511 [INFO] ==================================================
2026-05-26 02:14:04,511 [INFO] 🔑 محاولة تسجيل الدخول (1)...
2026-05-26 02:14:05,515 [INFO] ✅ تسجيل الدخول نجح — المستخدم: siraj
2026-05-26 02:14:05,548 [INFO] ✅ تم فتح الجلسة — ID: 4 | الجهاز: PC-01
2026-05-26 02:14:05,549 [INFO] 🎮 الجلسة نشطة — الجهاز: PC-01 | ID: 4
2026-05-26 02:14:05,549 [INFO] 💓 جاري المراقبة... (Ctrl+C للإيقاف)
